2024-10-25 10:00:18,060 - pdf2imageconverter - INFO - PDF to JPG converter
2024-10-25 10:00:18,063 - pdf2imageconverter - INFO - This script will convert all PDF files in the same directory as this script to JPG images.
2024-10-25 10:00:18,064 - pdf2imageconverter - INFO - Chosen location where to look after pdf-files to convert: C:/Code/privat/pdf2imageconverter
2024-10-25 10:00:18,066 - pdf2imageconverter - INFO - Found 3 PDF files to convert.
2024-10-25 10:00:18,068 - pdf2imageconverter - INFO - Converting C:\Code\privat\pdf2imageconverter\example II.pdf...
2024-10-25 10:00:18,957 - pdf2imageconverter - WARNING - File example II.jpg already exists. Skipping...
2024-10-25 10:00:18,960 - pdf2imageconverter - INFO - Converting C:\Code\privat\pdf2imageconverter\example.pdf...
2024-10-25 10:00:19,704 - pdf2imageconverter - WARNING - File example.jpg already exists. Skipping...
2024-10-25 10:00:19,706 - pdf2imageconverter - INFO - Converting C:\Code\privat\pdf2imageconverter\example_big.pdf...
2024-10-25 10:00:20,579 - pdf2imageconverter - WARNING - File example_big.jpg already exists. Skipping...
2024-10-25 10:00:49,461 - pdf2imageconverter - INFO - PDF to JPG converter
2024-10-25 10:00:49,463 - pdf2imageconverter - INFO - This script will convert all PDF files in the same directory as this script to JPG images.
2024-10-25 10:00:49,465 - pdf2imageconverter - INFO - Chosen location where to look after pdf-files to convert: C:/Code/privat/pdf2imageconverter
2024-10-25 10:00:49,467 - pdf2imageconverter - INFO - Found 3 PDF files to convert.
2024-10-25 10:00:49,470 - pdf2imageconverter - INFO - Converting C:\Code\privat\pdf2imageconverter\example II.pdf...
2024-10-25 10:00:50,257 - pdf2imageconverter - INFO - Converting C:\Code\privat\pdf2imageconverter\example.pdf...
2024-10-25 10:00:51,173 - pdf2imageconverter - INFO - Converting C:\Code\privat\pdf2imageconverter\example_big.pdf...
2024-10-25 10:04:12,783 - pdf2imageconverter - INFO - Chosen location where to look after pdf-files to convert: C:/Code/privat/pdf2imageconverter
2024-10-25 10:04:12,786 - pdf2imageconverter - INFO - Found 3 PDF files to convert.
2024-10-25 10:04:12,789 - pdf2imageconverter - INFO - Converting C:\Code\privat\pdf2imageconverter\example II.pdf...
2024-10-25 10:04:13,728 - pdf2imageconverter - WARNING - File example II.jpg already exists. Skipping...
2024-10-25 10:04:13,729 - pdf2imageconverter - INFO - Converting C:\Code\privat\pdf2imageconverter\example.pdf...
2024-10-25 10:04:14,458 - pdf2imageconverter - WARNING - File example.jpg already exists. Skipping...
2024-10-25 10:04:14,459 - pdf2imageconverter - INFO - Converting C:\Code\privat\pdf2imageconverter\example_big.pdf...
2024-10-25 10:04:15,433 - pdf2imageconverter - WARNING - File example_big.jpg already exists. Skipping...
2024-10-25 10:05:29,612 - pdf2imageconverter - INFO - Chosen location where to look after pdf-files to convert: C:/Code/privat/pdf2imageconverter
2024-10-25 10:05:29,614 - pdf2imageconverter - INFO - Found 2 PDF files to convert.
2024-10-25 10:05:29,618 - pdf2imageconverter - INFO - Converting C:\Code\privat\pdf2imageconverter\example.pdf...
2024-10-25 10:05:30,474 - pdf2imageconverter - INFO - Converting C:\Code\privat\pdf2imageconverter\example_big.pdf...
2024-10-25 10:08:13,378 - pdf2imageconverter - INFO - Chosen location where to look after pdf-files to convert: C:/Code/privat/pdf2imageconverter
2024-10-25 10:08:13,380 - pdf2imageconverter - INFO - Found 2 PDF files to convert.
2024-10-25 10:08:13,387 - pdf2imageconverter - INFO - Converting C:\Code\privat\pdf2imageconverter\example.pdf...
2024-10-25 10:08:14,238 - pdf2imageconverter - INFO - Converting C:\Code\privat\pdf2imageconverter\example_big.pdf...
2024-10-25 10:09:40,502 - pdf2imageconverter - INFO - Chosen location where to look after pdf-files to convert: C:/Code/privat/pdf2imageconverter
2024-10-25 10:09:40,505 - pdf2imageconverter - INFO - Found 2 PDF files to convert.
2024-10-25 10:09:40,509 - pdf2imageconverter - INFO - Converting C:\Code\privat\pdf2imageconverter\example.pdf...
2024-10-25 10:09:41,235 - pdf2imageconverter - WARNING - File C:\Code\privat\pdf2imageconverter\example.jpg already exists. Skipping...
2024-10-25 10:09:41,237 - pdf2imageconverter - INFO - Converting C:\Code\privat\pdf2imageconverter\example_big.pdf...
2024-10-25 10:09:42,041 - pdf2imageconverter - WARNING - File C:\Code\privat\pdf2imageconverter\example_big.jpg already exists. Skipping...
2024-10-25 10:10:22,939 - pdf2imageconverter - INFO - Chosen location where to look after pdf-files to convert: C:/Code/privat/pdf2imageconverter
2024-10-25 10:10:22,941 - pdf2imageconverter - INFO - Found 2 PDF files to convert.
2024-10-25 10:10:22,944 - pdf2imageconverter - INFO - Converting C:\Code\privat\pdf2imageconverter\example.pdf...
2024-10-25 10:10:23,708 - pdf2imageconverter - WARNING - File C:\Code\privat\pdf2imageconverter\example.jpg already exists. Skipping...
2024-10-25 10:10:23,710 - pdf2imageconverter - INFO - Converting C:\Code\privat\pdf2imageconverter\example_big.pdf...
2024-10-25 10:10:24,538 - pdf2imageconverter - WARNING - File C:\Code\privat\pdf2imageconverter\example_big.jpg already exists. Skipping...
2024-10-25 10:10:24,542 - pdf2imageconverter - INFO - Conversion finished, print entered to exit...
2024-10-25 10:10:45,392 - pdf2imageconverter - INFO - Chosen location where to look after pdf-files to convert: C:/Code/privat/pdf2imageconverter
2024-10-25 10:10:45,395 - pdf2imageconverter - INFO - Found 2 PDF files to convert.
2024-10-25 10:10:45,398 - pdf2imageconverter - INFO - Converting C:\Code\privat\pdf2imageconverter\example.pdf...
2024-10-25 10:10:46,148 - pdf2imageconverter - WARNING - File C:\Code\privat\pdf2imageconverter\example.jpg already exists. Skipping...
2024-10-25 10:10:46,150 - pdf2imageconverter - INFO - Converting C:\Code\privat\pdf2imageconverter\example_big.pdf...
2024-10-25 10:10:46,976 - pdf2imageconverter - WARNING - File C:\Code\privat\pdf2imageconverter\example_big.jpg already exists. Skipping...
2024-10-25 10:11:11,580 - pdf2imageconverter - INFO - Chosen location where to look after pdf-files to convert: C:/Code/privat/pdf2imageconverter
2024-10-25 10:11:11,582 - pdf2imageconverter - INFO - Found 2 PDF files to convert.
2024-10-25 10:11:11,585 - pdf2imageconverter - INFO - Converting C:\Code\privat\pdf2imageconverter\example.pdf...
2024-10-25 10:11:12,450 - pdf2imageconverter - WARNING - File C:\Code\privat\pdf2imageconverter\example.jpg already exists. Skipping...
2024-10-25 10:11:12,452 - pdf2imageconverter - INFO - Converting C:\Code\privat\pdf2imageconverter\example_big.pdf...
2024-10-25 10:11:13,306 - pdf2imageconverter - WARNING - File C:\Code\privat\pdf2imageconverter\example_big.jpg already exists. Skipping...
